  [1m[35m (0.2ms)[0m  [1m[35mDROP DATABASE IF EXISTS "Meandr_development"[0m
  [1m[35m (0.2ms)[0m  [1m[35mDROP DATABASE IF EXISTS "Meandr_test"[0m
  [1m[35m (198.6ms)[0m  [1m[35mCREATE TABLE "schema_migrations" ("version" character varying PRIMARY KEY)[0m
  [1m[35m (125.6ms)[0m  [1m[35mCREATE TABLE "ar_internal_metadata" ("key" character varying PRIMARY KEY, "value" character varying, "created_at" timestamp NOT NULL, "updated_at" timestamp NOT NULL)[0m
  [1m[35m (0.7ms)[0m  [1m[34mSELECT pg_try_advisory_lock(2048389185964905210);[0m
  [1m[36mActiveRecord::SchemaMigration Load (0.6ms)[0m  [1m[34mSELECT "schema_migrations".* FROM "schema_migrations"[0m
Migrating to CreateWaypoints (20170225002251)
  [1m[35m (0.2ms)[0m  [1m[35mBEGIN[0m
  [1m[35m (185.1ms)[0m  [1m[35mCREATE TABLE "waypoints" ("id" serial primary key, "coordinates" geography(POINT,4326), "created_at" timestamp NOT NULL, "updated_at" timestamp NOT NULL)[0m
  [1m[35mSQL (0.9ms)[0m  [1m[32mINSERT INTO "schema_migrations" ("version") VALUES ($1) RETURNING "version"[0m  [["version", "20170225002251"]]
  [1m[35m (59.2ms)[0m  [1m[35mCOMMIT[0m
  [1m[36mActiveRecord::InternalMetadata Load (0.8ms)[0m  [1m[34mSELECT  "ar_internal_metadata".* FROM "ar_internal_metadata" WHERE "ar_internal_metadata"."key" = $1 LIMIT $2[0m  [["key", :environment], ["LIMIT", 1]]
  [1m[35m (0.2ms)[0m  [1m[35mBEGIN[0m
  [1m[35mSQL (0.8ms)[0m  [1m[32mINSERT INTO "ar_internal_metadata" ("key", "value", "created_at", "updated_at") VALUES ($1, $2, $3, $4) RETURNING "key"[0m  [["key", "environment"], ["value", "development"], ["created_at", 2017-02-25 00:51:04 UTC], ["updated_at", 2017-02-25 00:51:04 UTC]]
  [1m[35m (11.5ms)[0m  [1m[35mCOMMIT[0m
  [1m[35m (0.4ms)[0m  [1m[34mSELECT pg_advisory_unlock(2048389185964905210)[0m
  [1m[36mActiveRecord::SchemaMigration Load (0.5ms)[0m  [1m[34mSELECT "schema_migrations".* FROM "schema_migrations"[0m
DEPRECATION WARNING: cleanup! is deprecated and will be removed from Rails 5.1 (use Rails.application.reloader.reload! instead of cleanup + prepare) (called from serve at /usr/lib/ruby/vendor_ruby/spring/application.rb:152)
DEPRECATION WARNING: prepare! is deprecated and will be removed from Rails 5.1 (use Rails.application.reloader.prepare! instead) (called from serve at /usr/lib/ruby/vendor_ruby/spring/application.rb:153)
  [1m[35m (0.4ms)[0m  [1m[35mBEGIN[0m
  [1m[35mSQL (1.0ms)[0m  [1m[32mINSERT INTO "waypoints" ("coordinates", "created_at", "updated_at") VALUES ($1, $2, $3) RETURNING "id"[0m  [["coordinates", "0020000001000010e64046f036e2eb1c43c055e9ce6c093d96"], ["created_at", 2017-02-25 00:55:11 UTC], ["updated_at", 2017-02-25 00:55:11 UTC]]
  [1m[35m (16.7ms)[0m  [1m[35mCOMMIT[0m
  [1m[36mWaypoint Load (0.6ms)[0m  [1m[34mSELECT  "waypoints".* FROM "waypoints" ORDER BY "waypoints"."id" ASC LIMIT $1[0m  [["LIMIT", 1]]
  [1m[35m (0.4ms)[0m  [1m[35mBEGIN[0m
  [1m[35mSQL (0.8ms)[0m  [1m[32mINSERT INTO "waypoints" ("coordinates", "created_at", "updated_at") VALUES ($1, $2, $3) RETURNING "id"[0m  [["coordinates", "0020000001000010e64044f3f9c62a1b5cc055e8e111276fb1"], ["created_at", 2017-02-25 00:57:11 UTC], ["updated_at", 2017-02-25 00:57:11 UTC]]
  [1m[35m (32.1ms)[0m  [1m[35mCOMMIT[0m
  [1m[36mWaypoint Load (0.7ms)[0m  [1m[34mSELECT  "waypoints".* FROM "waypoints" ORDER BY "waypoints"."id" ASC LIMIT $1[0m  [["LIMIT", 1]]
  [1m[36mWaypoint Load (0.6ms)[0m  [1m[34mSELECT  "waypoints".* FROM "waypoints" ORDER BY "waypoints"."id" DESC LIMIT $1[0m  [["LIMIT", 1]]
  [1m[36mWaypoint Load (0.7ms)[0m  [1m[34mSELECT "waypoints".* FROM "waypoints"[0m
